app/build/intermediates/manifest_merge_blame_file/release/manifest-merger-blame-release-report.txt
1<?xml version="1.0" encoding="utf-8"?>
2<manifest xmlns:android="http://schemas.android.com/apk/res/android"
3    package="xyz.klaoye.YI"
4    android:versionCode="9"
5    android:versionName="1.7" >
6
7    <uses-sdk
8        android:minSdkVersion="19"
8-->src\main\AndroidManifest.xml
9        android:targetSdkVersion="32" />
9-->src\main\AndroidManifest.xml
10
11    <uses-permission android:name="android.permission.INTERNET" />
11-->src\main\AndroidManifest.xml:7:5-67
11-->src\main\AndroidManifest.xml:7:22-64
12    <uses-permission android:name="android.permission.MODIFY_AUDIO_SETTINGS" />
12-->src\main\AndroidManifest.xml:8:5-80
12-->src\main\AndroidManifest.xml:8:22-77
13    <uses-permission android:name="android.permission.ACCESS_NETWORK_STATE" />
13-->src\main\AndroidManifest.xml:9:5-79
13-->src\main\AndroidManifest.xml:9:22-76
14    <uses-permission android:name="android.permission.ACCESS_WIFI_STATE" />
14-->src\main\AndroidManifest.xml:10:5-76
14-->src\main\AndroidManifest.xml:10:22-73
15    <uses-permission android:name="android.permission.READ_PHONE_STATE" />
15-->src\main\AndroidManifest.xml:11:5-75
15-->src\main\AndroidManifest.xml:11:22-72
16    <uses-permission android:name="android.permission.WRITE_EXTERNAL_STORAGE" />
16-->src\main\AndroidManifest.xml:12:5-14:40
16-->src\main\AndroidManifest.xml:13:9-65
17    <uses-permission android:name="android.permission.READ_EXTERNAL_STORAGE" />
17-->src\main\AndroidManifest.xml:15:5-80
17-->src\main\AndroidManifest.xml:15:22-77
18
19    <application
19-->src\main\AndroidManifest.xml:17:5-56:19
20        android:allowBackup="true"
20-->src\main\AndroidManifest.xml:18:9-35
21        android:appComponentFactory="androidx.core.app.CoreComponentFactory"
21-->[androidx.core:core:1.3.2] AndroidManifest.xml:24:18-86
22        android:icon="@mipmap/ic_launcher"
22-->src\main\AndroidManifest.xml:19:9-43
23        android:label="@string/app_name"
23-->src\main\AndroidManifest.xml:20:9-41
24        android:roundIcon="@mipmap/ic_launcher_round"
24-->src\main\AndroidManifest.xml:21:9-54
25        android:supportsRtl="true"
25-->src\main\AndroidManifest.xml:22:9-35
26        android:theme="@style/AppTheme" >
26-->src\main\AndroidManifest.xml:23:9-40
27        <activity
27-->src\main\AndroidManifest.xml:24:9-32:20
28            android:name="xyz.klaoye.YI.TableActivity"
28-->src\main\AndroidManifest.xml:26:13-55
29            android:exported="true" >
29-->src\main\AndroidManifest.xml:25:13-36
30            <intent-filter android:scheme="http" >
30-->src\main\AndroidManifest.xml:27:13-31:29
30-->src\main\AndroidManifest.xml:27:28-49
31                <action android:name="android.intent.action.MAIN" />
31-->src\main\AndroidManifest.xml:28:17-69
31-->src\main\AndroidManifest.xml:28:25-66
32
33                <category android:name="android.intent.category.LAUNCHER" />
33-->src\main\AndroidManifest.xml:30:17-77
33-->src\main\AndroidManifest.xml:30:27-74
34            </intent-filter>
35        </activity>
36        <activity android:name="xyz.klaoye.YI.CalendarActivity" />
36-->src\main\AndroidManifest.xml:33:9-67
36-->src\main\AndroidManifest.xml:33:19-64
37        <activity android:name="xyz.klaoye.YI.HelpActivity" />
37-->src\main\AndroidManifest.xml:34:9-63
37-->src\main\AndroidManifest.xml:34:19-60
38        <activity android:name="xyz.klaoye.YI.NoteActivity" />
38-->src\main\AndroidManifest.xml:35:9-63
38-->src\main\AndroidManifest.xml:35:19-60
39        <activity android:name="xyz.klaoye.YI.SettingsActivity" />
39-->src\main\AndroidManifest.xml:36:9-67
39-->src\main\AndroidManifest.xml:36:19-64
40
41        <service
41-->src\main\AndroidManifest.xml:38:9-41:39
42            android:name="xyz.klaoye.YI.MusicService"
42-->src\main\AndroidManifest.xml:39:13-54
43            android:enabled="true"
43-->src\main\AndroidManifest.xml:40:13-35
44            android:exported="true" />
44-->src\main\AndroidManifest.xml:41:13-36
45
46        <!-- 文件分享器 -->
47        <provider
47-->src\main\AndroidManifest.xml:44:9-53:20
48            android:name="androidx.core.content.FileProvider"
48-->src\main\AndroidManifest.xml:45:13-62
49            android:authorities="com.klaoye.YI.provider"
49-->src\main\AndroidManifest.xml:46:13-57
50            android:exported="false"
50-->src\main\AndroidManifest.xml:47:13-37
51            android:grantUriPermissions="true" >
51-->src\main\AndroidManifest.xml:48:13-47
52            <meta-data
52-->src\main\AndroidManifest.xml:50:13-52:58
53                android:name="android.support.FILE_PROVIDER_PATHS"
53-->src\main\AndroidManifest.xml:51:17-67
54                android:resource="@xml/provider_paths" />
54-->src\main\AndroidManifest.xml:52:17-55
55        </provider>
56    </application>
57
58</manifest>